Copyright 1986-2022 Xilinx, Inc. All Rights Reserved. Copyright 2022-2024 Advanced Micro Devices, Inc. All Rights Reserved.
---------------------------------------------------------------------------------------------------------------------------------------------
| Tool Version : Vivado v.2024.1 (win64) Build 5076996 Wed May 22 18:37:14 MDT 2024
| Date         : Thu Jan  9 08:26:53 2025
| Host         : denisa-laptop running 64-bit major release  (build 9200)
| Command      : report_control_sets -verbose -file PMod_ESP32_wrapper_control_sets_placed.rpt
| Design       : PMod_ESP32_wrapper
| Device       : xc7z020
---------------------------------------------------------------------------------------------------------------------------------------------

Control Set Information

Table of Contents
-----------------
1. Summary
2. Histogram
3. Flip-Flop Distribution
4. Detailed Control Set Information

1. Summary
----------

+----------------------------------------------------------+-------+
|                          Status                          | Count |
+----------------------------------------------------------+-------+
| Total control sets                                       |    70 |
|    Minimum number of control sets                        |    70 |
|    Addition due to synthesis replication                 |     0 |
|    Addition due to physical synthesis replication        |     0 |
| Unused register locations in slices containing registers |   209 |
+----------------------------------------------------------+-------+
* Control sets can be merged at opt_design using control_set_merge or merge_equivalent_drivers
** Run report_qor_suggestions for automated merging and remapping suggestions


2. Histogram
------------

+--------------------+-------+
|       Fanout       | Count |
+--------------------+-------+
| Total control sets |    70 |
| >= 0 to < 4        |     2 |
| >= 4 to < 6        |    16 |
| >= 6 to < 8        |     6 |
| >= 8 to < 10       |     7 |
| >= 10 to < 12      |     3 |
| >= 12 to < 14      |     6 |
| >= 14 to < 16      |     2 |
| >= 16              |    28 |
+--------------------+-------+
* Control sets can be remapped at either synth_design or opt_design


3. Flip-Flop Distribution
-------------------------

+--------------+-----------------------+------------------------+-----------------+--------------+
| Clock Enable | Synchronous Set/Reset | Asynchronous Set/Reset | Total Registers | Total Slices |
+--------------+-----------------------+------------------------+-----------------+--------------+
| No           | No                    | No                     |             181 |           70 |
| No           | No                    | Yes                    |              31 |           12 |
| No           | Yes                   | No                     |             307 |          104 |
| Yes          | No                    | No                     |             444 |           99 |
| Yes          | No                    | Yes                    |              92 |           26 |
| Yes          | Yes                   | No                     |             200 |           61 |
+--------------+-----------------------+------------------------+-----------------+--------------+


4. Detailed Control Set Information
-----------------------------------

+---------------------------------------------------+------------------------------------------------------------------------------------------------------------------------------------------------------------------+---------------------------------------------------------------------------------------------------------------------------------------------------------+------------------+----------------+--------------+
|                    Clock Signal                   |                                                                           Enable Signal                                                                          |                                                                     Set/Reset Signal                                                                    | Slice Load Count | Bel Load Count | Bels / Slice |
+---------------------------------------------------+------------------------------------------------------------------------------------------------------------------------------------------------------------------+---------------------------------------------------------------------------------------------------------------------------------------------------------+------------------+----------------+--------------+
|  PMod_ESP32_i/processing_system7_0/inst/FCLK_CLK0 | PMod_ESP32_i/ps7_0_axi_periph/s00_couplers/auto_pc/inst/gen_axilite.gen_b2s_conv.axilite_b2s/WR.aw_channel_0/aw_cmd_fsm_0/FSM_sequential_state_reg[0]_1          | PMod_ESP32_i/ps7_0_axi_periph/s00_couplers/auto_pc/inst/gen_axilite.gen_b2s_conv.axilite_b2s/WR.aw_channel_0/aw_cmd_fsm_0/FSM_sequential_state_reg[0]_0 |                1 |              1 |         1.00 |
|  PMod_ESP32_i/processing_system7_0/inst/FCLK_CLK0 | PMod_ESP32_i/ps7_0_axi_periph/s00_couplers/auto_pc/inst/gen_axilite.gen_b2s_conv.axilite_b2s/WR.b_channel_0/bid_fifo_0/sel                                       |                                                                                                                                                         |                1 |              2 |         2.00 |
|  PMod_ESP32_i/processing_system7_0/inst/FCLK_CLK0 | PMod_ESP32_i/axi_gpio_reset/U0/AXI_LITE_IPIF_I/I_SLAVE_ATTACHMENT/bus2ip_addr_i[8]_i_1_n_0                                                                       | PMod_ESP32_i/axi_gpio_reset/U0/AXI_LITE_IPIF_I/I_SLAVE_ATTACHMENT/SS[0]                                                                                 |                1 |              4 |         4.00 |
|  PMod_ESP32_i/processing_system7_0/inst/FCLK_CLK0 |                                                                                                                                                                  | PMod_ESP32_i/axi_gpio_position/U0/AXI_LITE_IPIF_I/I_SLAVE_ATTACHMENT/clear                                                                              |                1 |              4 |         4.00 |
|  PMod_ESP32_i/processing_system7_0/inst/FCLK_CLK0 | PMod_ESP32_i/axi_uartlite_0/U0/UARTLITE_CORE_I/BAUD_RATE_I/en_16x_Baud                                                                                           |                                                                                                                                                         |                1 |              4 |         4.00 |
|  PMod_ESP32_i/processing_system7_0/inst/FCLK_CLK0 | PMod_ESP32_i/xadc_wiz_0/U0/AXI_XADC_CORE_I/axi4_stream_inst/FSM_sequential_state[3]_i_1_n_0                                                                      | PMod_ESP32_i/xadc_wiz_0/U0/AXI_XADC_CORE_I/Inst_drp_arbiter/AR[0]                                                                                       |                1 |              4 |         4.00 |
|  PMod_ESP32_i/processing_system7_0/inst/FCLK_CLK0 | PMod_ESP32_i/ps7_0_axi_periph/s00_couplers/auto_pc/inst/gen_axilite.gen_b2s_conv.axilite_b2s/RD.ar_channel_0/ar_cmd_fsm_0/m_axi_arready_2                        | PMod_ESP32_i/ps7_0_axi_periph/s00_couplers/auto_pc/inst/gen_axilite.gen_b2s_conv.axilite_b2s/RD.ar_channel_0/ar_cmd_fsm_0/FSM_sequential_state_reg[1]_0 |                1 |              4 |         4.00 |
|  PMod_ESP32_i/processing_system7_0/inst/FCLK_CLK0 | PMod_ESP32_i/axi_uartlite_0/U0/AXI_LITE_IPIF_I/I_SLAVE_ATTACHMENT/start2                                                                                         | PMod_ESP32_i/axi_uartlite_0/U0/AXI_LITE_IPIF_I/I_SLAVE_ATTACHMENT/I_DECODER/cs_ce_clr                                                                   |                1 |              4 |         4.00 |
|  PMod_ESP32_i/processing_system7_0/inst/FCLK_CLK0 | PMod_ESP32_i/axi_gpio_position/U0/AXI_LITE_IPIF_I/I_SLAVE_ATTACHMENT/start2                                                                                      | PMod_ESP32_i/axi_gpio_position/U0/AXI_LITE_IPIF_I/I_SLAVE_ATTACHMENT/I_DECODER/cs_ce_clr                                                                |                1 |              4 |         4.00 |
|  PMod_ESP32_i/processing_system7_0/inst/FCLK_CLK0 |                                                                                                                                                                  | PMod_ESP32_i/axi_gpio_reset/U0/AXI_LITE_IPIF_I/I_SLAVE_ATTACHMENT/clear                                                                                 |                1 |              4 |         4.00 |
|  PMod_ESP32_i/processing_system7_0/inst/FCLK_CLK0 | PMod_ESP32_i/axi_gpio_position/U0/AXI_LITE_IPIF_I/I_SLAVE_ATTACHMENT/bus2ip_addr_i[8]_i_1_n_0                                                                    | PMod_ESP32_i/axi_gpio_position/U0/AXI_LITE_IPIF_I/I_SLAVE_ATTACHMENT/SR[0]                                                                              |                1 |              4 |         4.00 |
|  PMod_ESP32_i/processing_system7_0/inst/FCLK_CLK0 |                                                                                                                                                                  | PMod_ESP32_i/ps7_0_axi_periph/s00_couplers/auto_pc/inst/gen_axilite.gen_b2s_conv.axilite_b2s/SI_REG/aw.aw_pipe/aresetn_d_reg[1]_inv_0                   |                2 |              4 |         2.00 |
|  PMod_ESP32_i/processing_system7_0/inst/FCLK_CLK0 |                                                                                                                                                                  | PMod_ESP32_i/ps7_0_axi_periph/s00_couplers/auto_pc/inst/gen_axilite.gen_b2s_conv.axilite_b2s/SI_REG/aw.aw_pipe/aresetn_d_reg[0]_0                       |                3 |              4 |         1.33 |
|  PMod_ESP32_i/processing_system7_0/inst/FCLK_CLK0 | PMod_ESP32_i/xadc_wiz_0/U0/AXI_XADC_CORE_I/D[6]                                                                                                                  | PMod_ESP32_i/xadc_wiz_0/U0/AXI_LITE_IPIF_I/I_SLAVE_ATTACHMENT/reset2ip_reset                                                                            |                2 |              4 |         2.00 |
|  PMod_ESP32_i/processing_system7_0/inst/FCLK_CLK0 |                                                                                                                                                                  | PMod_ESP32_i/rst_ps7_0_50M/U0/EXT_LPF/lpf_int                                                                                                           |                1 |              4 |         4.00 |
|  PMod_ESP32_i/processing_system7_0/inst/FCLK_CLK0 | PMod_ESP32_i/axi_gpio_reset/U0/AXI_LITE_IPIF_I/I_SLAVE_ATTACHMENT/start2                                                                                         | PMod_ESP32_i/axi_gpio_reset/U0/AXI_LITE_IPIF_I/I_SLAVE_ATTACHMENT/I_DECODER/cs_ce_clr                                                                   |                1 |              4 |         4.00 |
|  PMod_ESP32_i/processing_system7_0/inst/FCLK_CLK0 | PMod_ESP32_i/ps7_0_axi_periph/s00_couplers/auto_pc/inst/gen_axilite.gen_b2s_conv.axilite_b2s/RD.r_channel_0/transaction_fifo_0/cnt_read[4]_i_1_n_0               | PMod_ESP32_i/ps7_0_axi_periph/s00_couplers/auto_pc/inst/gen_axilite.gen_b2s_conv.axilite_b2s/areset_d1                                                  |                2 |              5 |         2.50 |
|  PMod_ESP32_i/processing_system7_0/inst/FCLK_CLK0 | PMod_ESP32_i/ps7_0_axi_periph/s00_couplers/auto_pc/inst/gen_axilite.gen_b2s_conv.axilite_b2s/RD.r_channel_0/rd_data_fifo_0/cnt_read[4]_i_1__0_n_0                | PMod_ESP32_i/ps7_0_axi_periph/s00_couplers/auto_pc/inst/gen_axilite.gen_b2s_conv.axilite_b2s/areset_d1                                                  |                1 |              5 |         5.00 |
|  PMod_ESP32_i/processing_system7_0/inst/FCLK_CLK0 | PMod_ESP32_i/xadc_wiz_0/U0/AXI_XADC_CORE_I/axi4_stream_inst/channel_id[6]_i_1_n_0                                                                                | PMod_ESP32_i/xadc_wiz_0/U0/AXI_XADC_CORE_I/Inst_drp_arbiter/AR[0]                                                                                       |                2 |              6 |         3.00 |
|  PMod_ESP32_i/processing_system7_0/inst/FCLK_CLK0 |                                                                                                                                                                  | PMod_ESP32_i/axi_uartlite_0/U0/UARTLITE_CORE_I/UARTLITE_TX_I/SRL_FIFO_I/I_SRL_FIFO_RBU_F/CNTR_INCR_DECR_ADDN_F_I/SS[0]                                  |                2 |              6 |         3.00 |
|  PMod_ESP32_i/processing_system7_0/inst/FCLK_CLK0 | PMod_ESP32_i/rst_ps7_0_50M/U0/SEQ/seq_cnt_en                                                                                                                     | PMod_ESP32_i/rst_ps7_0_50M/U0/SEQ/SEQ_COUNTER/clear                                                                                                     |                1 |              6 |         6.00 |
|  PMod_ESP32_i/processing_system7_0/inst/FCLK_CLK0 |                                                                                                                                                                  | PMod_ESP32_i/axi_uartlite_0/U0/UARTLITE_CORE_I/UARTLITE_RX_I/SRL_FIFO_I/I_SRL_FIFO_RBU_F/CNTR_INCR_DECR_ADDN_F_I/SS[0]                                  |                3 |              6 |         2.00 |
|  PMod_ESP32_i/processing_system7_0/inst/FCLK_CLK0 |                                                                                                                                                                  | PMod_ESP32_i/xadc_wiz_0/U0/AXI_LITE_IPIF_I/I_SLAVE_ATTACHMENT/INCLUDE_DPHASE_TIMER.dpto_cnt0                                                            |                2 |              7 |         3.50 |
|  PMod_ESP32_i/processing_system7_0/inst/FCLK_CLK0 | PMod_ESP32_i/axi_uartlite_0/U0/UARTLITE_CORE_I/BAUD_RATE_I/en_16x_Baud                                                                                           | PMod_ESP32_i/axi_uartlite_0/U0/UARTLITE_CORE_I/UARTLITE_RX_I/SERIAL_TO_PARALLEL[8].fifo_din[8]_i_1_n_0                                                  |                1 |              7 |         7.00 |
|  PMod_ESP32_i/processing_system7_0/inst/FCLK_CLK0 |                                                                                                                                                                  | PMod_ESP32_i/axi_gpio_position/U0/gpio_core_1/Read_Reg_Rst__0                                                                                           |                2 |              8 |         4.00 |
|  PMod_ESP32_i/processing_system7_0/inst/FCLK_CLK0 | PMod_ESP32_i/axi_uartlite_0/U0/UARTLITE_CORE_I/UARTLITE_RX_I/SRL_FIFO_I/I_SRL_FIFO_RBU_F/DYNSHREG_F_I/fifo_wr                                                    |                                                                                                                                                         |                1 |              8 |         8.00 |
|  PMod_ESP32_i/processing_system7_0/inst/FCLK_CLK0 | PMod_ESP32_i/axi_gpio_position/U0/AXI_LITE_IPIF_I/I_SLAVE_ATTACHMENT/I_DECODER/E[0]                                                                              | PMod_ESP32_i/axi_gpio_position/U0/AXI_LITE_IPIF_I/I_SLAVE_ATTACHMENT/SR[0]                                                                              |                2 |              8 |         4.00 |
|  PMod_ESP32_i/processing_system7_0/inst/FCLK_CLK0 | PMod_ESP32_i/axi_uartlite_0/U0/AXI_LITE_IPIF_I/I_SLAVE_ATTACHMENT/I_DECODER/fifo_wr                                                                              |                                                                                                                                                         |                1 |              8 |         8.00 |
|  PMod_ESP32_i/processing_system7_0/inst/FCLK_CLK0 | PMod_ESP32_i/ps7_0_axi_periph/s00_couplers/auto_pc/inst/gen_axilite.gen_b2s_conv.axilite_b2s/WR.b_channel_0/mhandshake_r                                         | PMod_ESP32_i/ps7_0_axi_periph/s00_couplers/auto_pc/inst/gen_axilite.gen_b2s_conv.axilite_b2s/WR.b_channel_0/bid_fifo_0/SR[0]                            |                2 |              8 |         4.00 |
|  PMod_ESP32_i/processing_system7_0/inst/FCLK_CLK0 | PMod_ESP32_i/axi_uartlite_0/U0/AXI_LITE_IPIF_I/I_SLAVE_ATTACHMENT/s_axi_rresp_i                                                                                  | PMod_ESP32_i/axi_uartlite_0/U0/AXI_LITE_IPIF_I/I_SLAVE_ATTACHMENT/rst                                                                                   |                3 |              9 |         3.00 |
|  PMod_ESP32_i/processing_system7_0/inst/FCLK_CLK0 | PMod_ESP32_i/axi_gpio_position/U0/AXI_LITE_IPIF_I/I_SLAVE_ATTACHMENT/s_axi_rresp_i                                                                               | PMod_ESP32_i/axi_gpio_position/U0/AXI_LITE_IPIF_I/I_SLAVE_ATTACHMENT/SR[0]                                                                              |                2 |              9 |         4.50 |
|  PMod_ESP32_i/processing_system7_0/inst/FCLK_CLK0 |                                                                                                                                                                  | PMod_ESP32_i/ps7_0_axi_periph/s00_couplers/auto_pc/inst/gen_axilite.gen_b2s_conv.axilite_b2s/areset_d1                                                  |                4 |             10 |         2.50 |
|  PMod_ESP32_i/processing_system7_0/inst/FCLK_CLK0 |                                                                                                                                                                  | PMod_ESP32_i/xadc_wiz_0/U0/AXI_XADC_CORE_I/Inst_drp_arbiter/AR[0]                                                                                       |                5 |             11 |         2.20 |
|  PMod_ESP32_i/processing_system7_0/inst/FCLK_CLK0 |                                                                                                                                                                  | PMod_ESP32_i/axi_uartlite_0/U0/AXI_LITE_IPIF_I/I_SLAVE_ATTACHMENT/rst                                                                                   |                5 |             11 |         2.20 |
|  PMod_ESP32_i/processing_system7_0/inst/FCLK_CLK0 | PMod_ESP32_i/ps7_0_axi_periph/s00_couplers/auto_pc/inst/gen_axilite.gen_b2s_conv.axilite_b2s/WR.aw_channel_0/aw_cmd_fsm_0/m_valid_i_reg[0]                       |                                                                                                                                                         |                6 |             12 |         2.00 |
|  PMod_ESP32_i/processing_system7_0/inst/FCLK_CLK0 | PMod_ESP32_i/ps7_0_axi_periph/s00_couplers/auto_pc/inst/gen_axilite.gen_b2s_conv.axilite_b2s/WR.aw_channel_0/cmd_translator_0/incr_cmd_0/axaddr_incr[11]_i_1_n_0 |                                                                                                                                                         |                3 |             12 |         4.00 |
|  PMod_ESP32_i/processing_system7_0/inst/FCLK_CLK0 | PMod_ESP32_i/ps7_0_axi_periph/s00_couplers/auto_pc/inst/gen_axilite.gen_b2s_conv.axilite_b2s/RD.ar_channel_0/ar_cmd_fsm_0/sel_first_reg[0]                       |                                                                                                                                                         |                3 |             12 |         4.00 |
|  PMod_ESP32_i/processing_system7_0/inst/FCLK_CLK0 | PMod_ESP32_i/ps7_0_axi_periph/s00_couplers/auto_pc/inst/gen_axilite.gen_b2s_conv.axilite_b2s/RD.ar_channel_0/ar_cmd_fsm_0/E[0]                                   |                                                                                                                                                         |                6 |             12 |         2.00 |
|  PMod_ESP32_i/processing_system7_0/inst/FCLK_CLK0 |                                                                                                                                                                  | PMod_ESP32_i/ps7_0_axi_periph/xbar/inst/gen_sasd.crossbar_sasd_0/addr_arbiter_inst/SR[0]                                                                |                5 |             13 |         2.60 |
|  PMod_ESP32_i/processing_system7_0/inst/FCLK_CLK0 | PMod_ESP32_i/ps7_0_axi_periph/s00_couplers/auto_pc/inst/gen_axilite.gen_b2s_conv.axilite_b2s/RD.r_channel_0/r_push_r                                             |                                                                                                                                                         |                4 |             13 |         3.25 |
|  PMod_ESP32_i/processing_system7_0/inst/FCLK_CLK0 | PMod_ESP32_i/ps7_0_axi_periph/s00_couplers/auto_pc/inst/gen_axilite.gen_b2s_conv.axilite_b2s/SI_REG/b.b_pipe/s_ready_i_reg_0                                     |                                                                                                                                                         |                3 |             14 |         4.67 |
|  PMod_ESP32_i/processing_system7_0/inst/FCLK_CLK0 | PMod_ESP32_i/ps7_0_axi_periph/s00_couplers/auto_pc/inst/gen_axilite.gen_b2s_conv.axilite_b2s/SI_REG/b.b_pipe/p_1_in                                              |                                                                                                                                                         |                2 |             14 |         7.00 |
|  PMod_ESP32_i/processing_system7_0/inst/FCLK_CLK0 | PMod_ESP32_i/xadc_wiz_0/U0/AXI_XADC_CORE_I/Inst_drp_arbiter/do_A_reg[15]_i_1_n_0                                                                                 | PMod_ESP32_i/xadc_wiz_0/U0/AXI_XADC_CORE_I/Inst_drp_arbiter/AR[0]                                                                                       |                3 |             16 |         5.33 |
|  PMod_ESP32_i/processing_system7_0/inst/FCLK_CLK0 | PMod_ESP32_i/ps7_0_axi_periph/s00_couplers/auto_pc/inst/gen_axilite.gen_b2s_conv.axilite_b2s/WR.aw_channel_0/aw_cmd_fsm_0/m_axi_awready_0                        |                                                                                                                                                         |                3 |             16 |         5.33 |
|  PMod_ESP32_i/processing_system7_0/inst/FCLK_CLK0 | PMod_ESP32_i/xadc_wiz_0/U0/AXI_XADC_CORE_I/Inst_drp_arbiter/do_B_reg[15]_i_1_n_0                                                                                 | PMod_ESP32_i/xadc_wiz_0/U0/AXI_XADC_CORE_I/Inst_drp_arbiter/AR[0]                                                                                       |                3 |             16 |         5.33 |
|  PMod_ESP32_i/processing_system7_0/inst/FCLK_CLK0 |                                                                                                                                                                  | PMod_ESP32_i/xadc_wiz_0/U0/AXI_XADC_CORE_I/do_reg[15]_i_1_n_0                                                                                           |                6 |             16 |         2.67 |
|  PMod_ESP32_i/processing_system7_0/inst/FCLK_CLK0 | PMod_ESP32_i/xadc_wiz_0/U0/AXI_LITE_IPIF_I/I_SLAVE_ATTACHMENT/I_DECODER/E[0]                                                                                     | PMod_ESP32_i/xadc_wiz_0/U0/AXI_LITE_IPIF_I/I_SLAVE_ATTACHMENT/reset2ip_reset                                                                            |               10 |             17 |         1.70 |
|  PMod_ESP32_i/processing_system7_0/inst/FCLK_CLK0 | PMod_ESP32_i/xadc_wiz_0/U0/AXI_LITE_IPIF_I/I_SLAVE_ATTACHMENT/s_axi_rresp_i                                                                                      | PMod_ESP32_i/xadc_wiz_0/U0/AXI_LITE_IPIF_I/I_SLAVE_ATTACHMENT/SR[0]                                                                                     |                6 |             20 |         3.33 |
|  PMod_ESP32_i/processing_system7_0/inst/FCLK_CLK0 |                                                                                                                                                                  | PMod_ESP32_i/axi_gpio_reset/U0/gpio_core_1/gpio_io_o[0]                                                                                                 |                7 |             20 |         2.86 |
|  PMod_ESP32_i/processing_system7_0/inst/FCLK_CLK0 |                                                                                                                                                                  | PMod_ESP32_i/axi_gpio_reset/U0/AXI_LITE_IPIF_I/I_SLAVE_ATTACHMENT/SS[0]                                                                                 |                8 |             20 |         2.50 |
|  PMod_ESP32_i/processing_system7_0/inst/FCLK_CLK0 | PMod_ESP32_i/ps7_0_axi_periph/s00_couplers/auto_pc/inst/gen_axilite.gen_b2s_conv.axilite_b2s/RD.ar_channel_0/ar_cmd_fsm_0/m_axi_arready_2                        |                                                                                                                                                         |                6 |             21 |         3.50 |
|  PMod_ESP32_i/processing_system7_0/inst/FCLK_CLK0 | PMod_ESP32_i/ps7_0_axi_periph/xbar/inst/gen_sasd.crossbar_sasd_0/addr_arbiter_inst/p_0_in1_in                                                                    | PMod_ESP32_i/ps7_0_axi_periph/xbar/inst/gen_sasd.crossbar_sasd_0/addr_arbiter_inst/SR[0]                                                                |                7 |             24 |         3.43 |
|  PMod_ESP32_i/processing_system7_0/inst/FCLK_CLK0 | PMod_ESP32_i/ps7_0_axi_periph/s00_couplers/auto_pc/inst/gen_axilite.gen_b2s_conv.axilite_b2s/WR.aw_channel_0/aw_cmd_fsm_0/FSM_sequential_state_reg[0]_1          |                                                                                                                                                         |                8 |             24 |         3.00 |
|  PMod_ESP32_i/processing_system7_0/inst/FCLK_CLK0 |                                                                                                                                                                  | PMod_ESP32_i/axi_gpio_position/U0/AXI_LITE_IPIF_I/I_SLAVE_ATTACHMENT/SR[0]                                                                              |                8 |             24 |         3.00 |
|  PMod_ESP32_i/processing_system7_0/inst/FCLK_CLK0 |                                                                                                                                                                  | PMod_ESP32_i/axi_uartlite_0/U0/UARTLITE_CORE_I/UARTLITE_RX_I/SR[0]                                                                                      |               10 |             25 |         2.50 |
|  PMod_ESP32_i/processing_system7_0/inst/FCLK_CLK0 | PMod_ESP32_i/xadc_wiz_0/U0/AXI_XADC_CORE_I/Inst_drp_arbiter/dwe_reg_i_1_n_0                                                                                      | PMod_ESP32_i/xadc_wiz_0/U0/AXI_XADC_CORE_I/Inst_drp_arbiter/AR[0]                                                                                       |                8 |             25 |         3.12 |
|  PMod_ESP32_i/processing_system7_0/inst/FCLK_CLK0 | PMod_ESP32_i/xadc_wiz_0/U0/AXI_XADC_CORE_I/Inst_drp_arbiter/daddr_C_reg[6]_i_1_n_0                                                                               | PMod_ESP32_i/xadc_wiz_0/U0/AXI_XADC_CORE_I/Inst_drp_arbiter/AR[0]                                                                                       |                9 |             25 |         2.78 |
|  PMod_ESP32_i/processing_system7_0/inst/FCLK_CLK0 | PMod_ESP32_i/xadc_wiz_0/U0/AXI_LITE_IPIF_I/I_SLAVE_ATTACHMENT/I_DECODER/start                                                                                    | PMod_ESP32_i/xadc_wiz_0/U0/AXI_LITE_IPIF_I/I_SLAVE_ATTACHMENT/I_DECODER/cs_ce_clr                                                                       |                6 |             25 |         4.17 |
|  PMod_ESP32_i/processing_system7_0/inst/FCLK_CLK0 |                                                                                                                                                                  | PMod_ESP32_i/xadc_wiz_0/U0/AXI_LITE_IPIF_I/I_SLAVE_ATTACHMENT/SR[0]                                                                                     |                7 |             26 |         3.71 |
|  PMod_ESP32_i/processing_system7_0/inst/FCLK_CLK0 | PMod_ESP32_i/axi_uartlite_0/U0/UARTLITE_CORE_I/BAUD_RATE_I/en_16x_Baud                                                                                           | PMod_ESP32_i/axi_uartlite_0/U0/UARTLITE_CORE_I/UARTLITE_RX_I/SR[0]                                                                                      |                9 |             28 |         3.11 |
|  PMod_ESP32_i/processing_system7_0/inst/FCLK_CLK0 | PMod_ESP32_i/ps7_0_axi_periph/s00_couplers/auto_pc/inst/gen_axilite.gen_b2s_conv.axilite_b2s/RD.r_channel_0/rd_data_fifo_0/wr_en0                                |                                                                                                                                                         |                9 |             34 |         3.78 |
|  PMod_ESP32_i/processing_system7_0/inst/FCLK_CLK0 | PMod_ESP32_i/ps7_0_axi_periph/xbar/inst/gen_sasd.crossbar_sasd_0/addr_arbiter_inst/E[0]                                                                          |                                                                                                                                                         |                9 |             35 |         3.89 |
|  PMod_ESP32_i/processing_system7_0/inst/FCLK_CLK0 | PMod_ESP32_i/ps7_0_axi_periph/s00_couplers/auto_pc/inst/gen_axilite.gen_b2s_conv.axilite_b2s/SI_REG/r.r_pipe/s_ready_i_reg_0                                     |                                                                                                                                                         |                9 |             47 |         5.22 |
|  PMod_ESP32_i/processing_system7_0/inst/FCLK_CLK0 | PMod_ESP32_i/ps7_0_axi_periph/s00_couplers/auto_pc/inst/gen_axilite.gen_b2s_conv.axilite_b2s/SI_REG/r.r_pipe/p_1_in                                              |                                                                                                                                                         |                7 |             47 |         6.71 |
|  PMod_ESP32_i/processing_system7_0/inst/FCLK_CLK0 | PMod_ESP32_i/ps7_0_axi_periph/s00_couplers/auto_pc/inst/gen_axilite.gen_b2s_conv.axilite_b2s/RD.ar_channel_0/ar_cmd_fsm_0/m_valid_i_reg[0]                       |                                                                                                                                                         |               10 |             48 |         4.80 |
|  PMod_ESP32_i/processing_system7_0/inst/FCLK_CLK0 | PMod_ESP32_i/ps7_0_axi_periph/s00_couplers/auto_pc/inst/gen_axilite.gen_b2s_conv.axilite_b2s/WR.aw_channel_0/aw_cmd_fsm_0/E[0]                                   |                                                                                                                                                         |                8 |             48 |         6.00 |
|  PMod_ESP32_i/processing_system7_0/inst/FCLK_CLK0 | PMod_ESP32_i/ps7_0_axi_periph/s00_couplers/auto_pc/inst/gen_axilite.gen_b2s_conv.axilite_b2s/SI_REG/aw.aw_pipe/s_ready_i_reg_0                                   |                                                                                                                                                         |                9 |             48 |         5.33 |
|  PMod_ESP32_i/processing_system7_0/inst/FCLK_CLK0 | PMod_ESP32_i/ps7_0_axi_periph/s00_couplers/auto_pc/inst/gen_axilite.gen_b2s_conv.axilite_b2s/SI_REG/ar.ar_pipe/s_ready_i_reg_0                                   |                                                                                                                                                         |                9 |             48 |         5.33 |
|  PMod_ESP32_i/processing_system7_0/inst/FCLK_CLK0 |                                                                                                                                                                  | PMod_ESP32_i/xadc_wiz_0/U0/AXI_LITE_IPIF_I/I_SLAVE_ATTACHMENT/reset2ip_reset                                                                            |               34 |            115 |         3.38 |
|  PMod_ESP32_i/processing_system7_0/inst/FCLK_CLK0 |                                                                                                                                                                  |                                                                                                                                                         |               71 |            182 |         2.56 |
+---------------------------------------------------+------------------------------------------------------------------------------------------------------------------------------------------------------------------+---------------------------------------------------------------------------------------------------------------------------------------------------------+------------------+----------------+--------------+


